<?xml version="1.0" encoding="UTF-8"?>
<testsuite xmlns:xsi="http://www.w3.org/2001/XMLSchema-instance" xsi:noNamespaceSchemaLocation="https://maven.apache.org/surefire/maven-surefire-plugin/xsd/surefire-test-report.xsd" version="3.0.2" name="com.brandon.qa.tests.products.productTests" time="3.068" tests="3" errors="0" skipped="0" failures="0">
  <properties>
[...]
</properties>
  <testcase name="shouldReturnProductsFromRequestedCategory" classname="com.brandon.qa.tests.products.productTests" time="2.4"/>
  <testcase name="shouldReturn404WhenProductDoesNotExist" classname="com.brandon.qa.tests.products.productTests" time="0.242"/>
  <testcase name="shouldGetProductById" classname="com.brandon.qa.tests.products.productTests" time="0.11"/>
</testsuite>